<?xml version="1.0" encoding="UTF-8"?>
<!-- Generated by org.testng.reporters.JUnitXMLReporter -->
<testsuite ignored="0" hostname="UMANGA-PC" failures="1" tests="1" name="bvtSuit" time="0.159" errors="0" timestamp="2020-05-24T12:54:13 IST">
  <testcase classname="tests.LoginTest" name="@BeforeTest setUp" time="0.098">
    <failure type="com.google.gson.JsonSyntaxException" message="com.google.gson.stream.MalformedJsonException: Unterminated string at line 7 column 2 path $[0].password">
      <![CDATA[com.google.gson.JsonSyntaxException: com.google.gson.stream.MalformedJsonException: Unterminated string at line 7 column 2 path $[0].password
at com.google.gson.internal.Streams.parse(Streams.java:60)
at com.google.gson.JsonParser.parseReader(JsonParser.java:85)
at com.google.gson.JsonParser.parseReader(JsonParser.java:60)
at com.google.gson.JsonParser.parse(JsonParser.java:104)
at utils.jsonReaderHelper.getLoginData(jsonReaderHelper.java:13)
at tests.LoginTest.setUp(LoginTest.java:26)
Caused by: com.google.gson.stream.MalformedJsonException: Unterminated string at line 7 column 2 path $[0].password
at com.google.gson.stream.JsonReader.syntaxError(JsonReader.java:1564)
at com.google.gson.stream.JsonReader.nextQuotedValue(JsonReader.java:1032)
at com.google.gson.stream.JsonReader.nextString(JsonReader.java:816)
at com.google.gson.internal.bind.TypeAdapters$29.read(TypeAdapters.java:702)
at com.google.gson.internal.bind.TypeAdapters$29.read(TypeAdapters.java:723)
at com.google.gson.internal.bind.TypeAdapters$29.read(TypeAdapters.java:715)
at com.google.gson.internal.bind.TypeAdapters$29.read(TypeAdapters.java:698)
at com.google.gson.internal.Streams.parse(Streams.java:48)
... 33 more
... Removed 28 stack frames]]>
    </failure>
  </testcase> <!-- @BeforeTest setUp -->
  <testcase classname="tests.LoginTest" name="@AfterTest postCondition" time="-1.590305053605E9">
    <skipped/>
  </testcase> <!-- @AfterTest postCondition -->
  <testcase classname="tests.LoginTest" name="loginTest" time="0.007">
    <failure type="java.lang.NullPointerException">
      <![CDATA[java.lang.NullPointerException
at pages.LoginPage.getLoginTitle(LoginPage.java:31)
at tests.LoginTest.loginTest(LoginTest.java:38)
at java.base/java.util.ArrayList.forEach(ArrayList.java:1380)
... Removed 31 stack frames]]>
    </failure>
  </testcase> <!-- loginTest -->
</testsuite> <!-- bvtSuit -->
